rm -f core *.o *~ mergesort-omp mergesort-seq
icpc   -O3 -g  -qopenmp  -o driver.o -c driver.cc
icpc   -O3 -g  -qopenmp  -o sort.o -c sort.cc
icpc   -O3 -g  -qopenmp  -o mergesort-seq.o -c mergesort-seq.cc
icpc -O3 -g  -qopenmp -o mergesort-seq driver.o sort.o mergesort-seq.o
icpc   -O3 -g  -qopenmp  -o mergesort-omp.o -c mergesort-omp.cc
icpc -O3 -g  -qopenmp -o mergesort-omp driver.o sort.o mergesort-omp.o
mergesort-seq-100000000
Timer: gettimeofday
Timer resolution: ~ 1 us (?)

N == 100000000

Quicksort: 21.6353 seconds ==> 4.62207 million keys per second
	(Array is sorted.)
num_threads=40
psize=50000
My sort: 4.76448 seconds ==> 20.9886 million keys per second
	(Array is sorted.)
	(Arrays are equal.)

mergesort-omp-100000000
Timer: gettimeofday
Timer resolution: ~ 1 us (?)

N == 100000000

Quicksort: 21.6285 seconds ==> 4.62353 million keys per second
	(Array is sorted.)
num_threads=40
psize=50000, pmergesize=10000
My sort: 0.869136 seconds ==> 115.057 million keys per second
	(Array is sorted.)
	(Arrays are equal.)

